<?xml version="1.0" encoding="UTF-8"?>
<!-- Generated by org.testng.reporters.JUnitReportReporter -->
<testsuite hostname="SACHITHA" failures="0" tests="1" name="AppTest" time="6.010" errors="0" timestamp="2024-04-23T11:40:31 IST" skipped="0">
  <testcase classname="AppTest" name="login" time="6.010"/>
</testsuite> <!-- AppTest -->
